# JRE version: OpenJDK Runtime Environment (11.0.8+10) (build 11.0.8+10-b944.6842174)
# Java VM: OpenJDK 64-Bit Server VM (11.0.8+10-b944.6842174, mixed mode, tiered, compressed oops, g1 gc, windows-amd64)
Heap:
 garbage-first heap   total 813056K, used 212875K [0x0000000080000000, 0x0000000100000000)
  region size 1024K, 7 young (7168K), 7 survivors (7168K)
 Metaspace       used 147429K, capacity 152005K, committed 152448K, reserved 1181696K
  class space    used 17902K, capacity 19388K, committed 19584K, reserved 1048576K
GC Heap History (20 events):
Event: 2413.038 GC heap after
{Heap after GC invocations=106 (full 0):
 garbage-first heap   total 317440K, used 209910K [0x0000000080000000, 0x0000000100000000)
  region size 1024K, 2 young (2048K), 2 survivors (2048K)
 Metaspace       used 145812K, capacity 150139K, committed 151168K, reserved 1181696K
  class space    used 17800K, capacity 19197K, committed 19584K, reserved 1048576K
}
Event: 2413.255 GC heap before
{Heap before GC invocations=106 (full 0):
 garbage-first heap   total 317440K, used 222198K [0x0000000080000000, 0x0000000100000000)
  region size 1024K, 15 young (15360K), 2 survivors (2048K)
 Metaspace       used 145831K, capacity 150154K, committed 151168K, reserved 1181696K
  class space    used 17802K, capacity 19200K, committed 19584K, reserved 1048576K
}
Event: 2413.268 GC heap after
{Heap after GC invocations=107 (full 0):
 garbage-first heap   total 317440K, used 180867K [0x0000000080000000, 0x0000000100000000)
  region size 1024K, 2 young (2048K), 2 survivors (2048K)
 Metaspace       used 145831K, capacity 150154K, committed 151168K, reserved 1181696K
  class space    used 17802K, capacity 19200K, committed 19584K, reserved 1048576K
}
Event: 2413.437 GC heap before
{Heap before GC invocations=107 (full 0):
 garbage-first heap   total 317440K, used 194179K [0x0000000080000000, 0x0000000100000000)
  region size 1024K, 15 young (15360K), 2 survivors (2048K)
 Metaspace       used 145833K, capacity 150154K, committed 151168K, reserved 1181696K
  class space    used 17802K, capacity 19200K, committed 19584K, reserved 1048576K
}
Event: 2413.460 GC heap after
{Heap after GC invocations=108 (full 0):
 garbage-first heap   total 317440K, used 156445K [0x0000000080000000, 0x0000000100000000)
  region size 1024K, 2 young (2048K), 2 survivors (2048K)
 Metaspace       used 145833K, capacity 150154K, committed 151168K, reserved 1181696K
  class space    used 17802K, capacity 19200K, committed 19584K, reserved 1048576K
}
Event: 2413.511 GC heap before
{Heap before GC invocations=108 (full 0):
 garbage-first heap   total 317440K, used 169757K [0x0000000080000000, 0x0000000100000000)
  region size 1024K, 15 young (15360K), 2 survivors (2048K)
 Metaspace       used 145845K, capacity 150154K, committed 151168K, reserved 1181696K
  class space    used 17802K, capacity 19200K, committed 19584K, reserved 1048576K
}
Event: 2413.549 GC heap after
{Heap after GC invocations=109 (full 0):
 garbage-first heap   total 317440K, used 145405K [0x0000000080000000, 0x0000000100000000)
  region size 1024K, 2 young (2048K), 2 survivors (2048K)
 Metaspace       used 145845K, capacity 150154K, committed 151168K, reserved 1181696K
  class space    used 17802K, capacity 19200K, committed 19584K, reserved 1048576K
}
Event: 2414.323 GC heap before
{Heap before GC invocations=109 (full 0):
 garbage-first heap   total 317440K, used 201725K [0x0000000080000000, 0x0000000100000000)
  region size 1024K, 58 young (59392K), 2 survivors (2048K)
 Metaspace       used 145970K, capacity 150283K, committed 151424K, reserved 1181696K
  class space    used 17802K, capacity 19200K, committed 19584K, reserved 1048576K
}
Event: 2414.332 GC heap after
{Heap after GC invocations=110 (full 0):
 garbage-first heap   total 317440K, used 144921K [0x0000000080000000, 0x0000000100000000)
  region size 1024K, 2 young (2048K), 2 survivors (2048K)
 Metaspace       used 145970K, capacity 150283K, committed 151424K, reserved 1181696K
  class space    used 17802K, capacity 19200K, committed 19584K, reserved 1048576K
}
Event: 2414.978 GC heap before
{Heap before GC invocations=110 (full 0):
 garbage-first heap   total 317440K, used 219673K [0x0000000080000000, 0x0000000100000000)
  region size 1024K, 64 young (65536K), 2 survivors (2048K)
 Metaspace       used 146045K, capacity 150316K, committed 151424K, reserved 1181696K
  class space    used 17805K, capacity 19206K, committed 19584K, reserved 1048576K
}
Event: 2415.022 GC heap after
{Heap after GC invocations=111 (full 0):
 garbage-first heap   total 491520K, used 162888K [0x0000000080000000, 0x0000000100000000)
  region size 1024K, 8 young (8192K), 8 survivors (8192K)
 Metaspace       used 146045K, capacity 150316K, committed 151424K, reserved 1181696K
  class space    used 17805K, capacity 19206K, committed 19584K, reserved 1048576K
}
Event: 2416.092 GC heap before
{Heap before GC invocations=111 (full 0):
 garbage-first heap   total 491520K, used 290888K [0x0000000080000000, 0x0000000100000000)
  region size 1024K, 132 young (135168K), 8 survivors (8192K)
 Metaspace       used 146136K, capacity 150391K, committed 151424K, reserved 1181696K
  class space    used 17806K, capacity 19208K, committed 19584K, reserved 1048576K
}
Event: 2416.240 GC heap after
{Heap after GC invocations=112 (full 0):
 garbage-first heap   total 491520K, used 191884K [0x0000000080000000, 0x0000000100000000)
  region size 1024K, 17 young (17408K), 17 survivors (17408K)
 Metaspace       used 146136K, capacity 150391K, committed 151424K, reserved 1181696K
  class space    used 17806K, capacity 19208K, committed 19584K, reserved 1048576K
}
Event: 2417.197 GC heap before
{Heap before GC invocations=112 (full 0):
 garbage-first heap   total 491520K, used 243084K [0x0000000080000000, 0x0000000100000000)
  region size 1024K, 64 young (65536K), 17 survivors (17408K)
 Metaspace       used 146158K, capacity 150467K, committed 151424K, reserved 1181696K
  class space    used 17808K, capacity 19212K, committed 19584K, reserved 1048576K
}
Event: 2417.251 GC heap after
{Heap after GC invocations=113 (full 0):
 garbage-first heap   total 491520K, used 203595K [0x0000000080000000, 0x0000000100000000)
  region size 1024K, 8 young (8192K), 8 survivors (8192K)
 Metaspace       used 146158K, capacity 150467K, committed 151424K, reserved 1181696K
  class space    used 17808K, capacity 19212K, committed 19584K, reserved 1048576K
}
Event: 2420.122 GC heap before
{Heap before GC invocations=113 (full 0):
 garbage-first heap   total 491520K, used 313163K [0x0000000080000000, 0x0000000100000000)
  region size 1024K, 109 young (111616K), 8 survivors (8192K)
 Metaspace       used 146179K, capacity 150468K, committed 151424K, reserved 1181696K
  class space    used 17808K, capacity 19212K, committed 19584K, reserved 1048576K
}
Event: 2420.142 GC heap after
{Heap after GC invocations=114 (full 0):
 garbage-first heap   total 491520K, used 205806K [0x0000000080000000, 0x0000000100000000)
  region size 1024K, 11 young (11264K), 11 survivors (11264K)
 Metaspace       used 146179K, capacity 150468K, committed 151424K, reserved 1181696K
  class space    used 17808K, capacity 19212K, committed 19584K, reserved 1048576K
}
Event: 2421.911 GC heap before
{Heap before GC invocations=114 (full 0):
 garbage-first heap   total 491520K, used 326638K [0x0000000080000000, 0x0000000100000000)
  region size 1024K, 126 young (129024K), 11 survivors (11264K)
 Metaspace       used 146736K, capacity 151062K, committed 151936K, reserved 1181696K
  class space    used 17842K, capacity 19276K, committed 19584K, reserved 1048576K
}
Event: 2421.946 GC heap after
{Heap after GC invocations=115 (full 0):
 garbage-first heap   total 491520K, used 216742K [0x0000000080000000, 0x0000000100000000)
  region size 1024K, 11 young (11264K), 11 survivors (11264K)
 Metaspace       used 146736K, capacity 151062K, committed 151936K, reserved 1181696K
  class space    used 17842K, capacity 19276K, committed 19584K, reserved 1048576K
}
Event: 2929.231 GC heap before
{Heap before GC invocations=115 (full 0):
 garbage-first heap   total 491520K, used 356006K [0x0000000080000000, 0x0000000100000000)
  region size 1024K, 131 young (134144K), 11 survivors (11264K)
 Metaspace       used 147429K, capacity 152005K, committed 152448K, reserved 1181696K
  class space    used 17902K, capacity 19388K, committed 19584K, reserved 1048576K
}

